<ul><li>
    <a href='http://blog.rubyyot.com/2009/05/summer-of-learning-challenge/'>Plans for Rubyyot.com and the Summer of Learning Challenge</a>
  </li>
  <li>
    <a href='http://blog.rubyyot.com/2009/05/using-rack-to-generate-content-from-an-rss-feed/'>Using Rack to generate content from an rss feed</a>
  </li>
  <li>
    <a href='http://blog.rubyyot.com/2009/03/rubyyotcom-is-dead-long-live-rubyyotcom/'>Rubyyot.com is dead; Long live Rubyyot.com</a>
  </li></ul>

<ul><li>
    <a href='http://devlicio.us/blogs/sergio_pereira/archive/2009/09/19/javascript-and-its-love-for-zeroes.aspx'>JavaScript and its love for zeroes</a>
  </li>
  <li>
    <a href='http://devlicio.us/blogs/sergio_pereira/archive/2009/06/12/javascript-not-your-father-s-inheritance-model-part-2.aspx'>JavaScript: Not your father's inheritance model - Part 2</a>
  </li>
  <li>
    <a href='http://devlicio.us/blogs/sergio_pereira/archive/2009/06/12/javascript-not-your-father-s-inheritance-model-part-1.aspx'>JavaScript: Not your father's inheritance model - Part 1</a>
  </li>
  <li>
    <a href='http://devlicio.us/blogs/sergio_pereira/archive/2009/03/31/javascript-avoid-the-evil-eval.aspx'>JavaScript: Avoid the Evil eval</a>
  </li>
  <li>
    <a href='http://devlicio.us/blogs/sergio_pereira/archive/2009/02/24/javascript-inner-functions-and-private-members.aspx'>JavaScript, inner functions and private members</a>
  </li>
  <li>
    <a href='http://devlicio.us/blogs/sergio_pereira/archive/2009/02/23/javascript-time-to-grok-closures.aspx'>JavaScript, time to grok closures</a>
  </li>
  <li>
    <a href='http://devlicio.us/blogs/sergio_pereira/archive/2009/02/09/javascript-5-ways-to-call-a-function.aspx'>JavaScript, 5 ways to call a function</a>
  </li></ul>